c:\users\markp\desktop\empty project\group10\groupx\x64\debug\vc141.pdb
c:\users\markp\desktop\empty project\group10\groupx\x64\debug\vc141.idb
c:\users\markp\desktop\empty project\group10\groupx\x64\debug\armour.obj
c:\users\markp\desktop\empty project\group10\groupx\x64\debug\blackwitch.obj
c:\users\markp\desktop\empty project\group10\groupx\x64\debug\brawler.obj
c:\users\markp\desktop\empty project\group10\groupx\x64\debug\cleric.obj
c:\users\markp\desktop\empty project\group10\groupx\x64\debug\gamecharacter.obj
c:\users\markp\desktop\empty project\group10\groupx\x64\debug\item.obj
c:\users\markp\desktop\empty project\group10\groupx\x64\debug\orc.obj
c:\users\markp\desktop\empty project\group10\groupx\x64\debug\roleplayinggame.obj
c:\users\markp\desktop\empty project\group10\groupx\x64\debug\stdafx.obj
c:\users\markp\desktop\empty project\group10\groupx\x64\debug\weapon.obj
c:\users\markp\desktop\empty project\group10\groupx\x64\debug\groupx.pdb
c:\users\markp\desktop\empty project\group10\groupx\x64\debug\groupx.idb
c:\users\markp\desktop\empty project\group10\groupx\x64\debug\main.obj
c:\users\markp\desktop\empty project\group10\x64\debug\groupx.lib
c:\users\markp\desktop\empty project\group10\x64\debug\groupx.exe
c:\users\markp\desktop\empty project\group10\x64\debug\groupx.ilk
c:\users\markp\desktop\empty project\group10\x64\debug\groupx.pdb
c:\users\markp\desktop\empty project\group10\groupx\x64\debug\roleplayinggame.res
c:\users\markp\desktop\empty project\group10\groupx\x64\debug\groupx.tlog\cl.command.1.tlog
c:\users\markp\desktop\empty project\group10\groupx\x64\debug\groupx.tlog\cl.read.1.tlog
c:\users\markp\desktop\empty project\group10\groupx\x64\debug\groupx.tlog\cl.write.1.tlog
c:\users\markp\desktop\empty project\group10\groupx\x64\debug\groupx.tlog\lib-link-cvtres.read.1.tlog
c:\users\markp\desktop\empty project\group10\groupx\x64\debug\groupx.tlog\lib-link-cvtres.write.1.tlog
c:\users\markp\desktop\empty project\group10\groupx\x64\debug\groupx.tlog\lib.command.1.tlog
c:\users\markp\desktop\empty project\group10\groupx\x64\debug\groupx.tlog\link.command.1.tlog
c:\users\markp\desktop\empty project\group10\groupx\x64\debug\groupx.tlog\link.read.1.tlog
c:\users\markp\desktop\empty project\group10\groupx\x64\debug\groupx.tlog\link.write.1.tlog
c:\users\markp\desktop\empty project\group10\groupx\x64\debug\groupx.tlog\rc.command.1.tlog
c:\users\markp\desktop\empty project\group10\groupx\x64\debug\groupx.tlog\rc.read.1.tlog
c:\users\markp\desktop\empty project\group10\groupx\x64\debug\groupx.tlog\rc.write.1.tlog
